<?xml version="1.0" encoding="UTF-8"?>
<!-- Generated by org.testng.reporters.JUnitReportReporter -->
<testsuite hostname="DESKTOP-2VPR9IB" failures="0" tests="1" name="browserconnectivity.FireFoxConnectivity" time="14.508" errors="0" timestamp="2024-01-01T14:03:25 IST" skipped="0">
  <testcase classname="browserconnectivity.FireFoxConnectivity" name="Test1_chromebrowser" time="14.508"/>
</testsuite> <!-- browserconnectivity.FireFoxConnectivity -->
