<?xml version="1.0" encoding="UTF-8"?>
<!-- Generated by org.testng.reporters.JUnitReportReporter -->
<testsuite hostname="DESKTOP-2VPR9IB" failures="0" tests="2" name="TestNG_Practice.Hooks" time="0.015" errors="0" timestamp="2024-01-15T00:29:25 IST" skipped="0">
  <testcase classname="TestNG_Practice.Hooks" name="Test1" time="0.011"/>
  <testcase classname="TestNG_Practice.Hooks" name="Test2" time="0.004"/>
</testsuite> <!-- TestNG_Practice.Hooks -->
