<?xml version="1.0" encoding="UTF-8"?>
<!-- Generated by org.testng.reporters.JUnitReportReporter -->
<testsuite hostname="DESKTOP-2VPR9IB" failures="0" tests="1" name="TestNG_Practice.DataProvider" time="0.005" errors="0" timestamp="2024-01-15T00:29:25 IST" skipped="0">
  <testcase classname="TestNG_Practice.DataProvider" name="myTest" time="0.005"/>
</testsuite> <!-- TestNG_Practice.DataProvider -->
