<?xml version="1.0" encoding="UTF-8"?>
<!-- Generated by org.testng.reporters.JUnitReportReporter -->
<testsuite hostname="DESKTOP-2VPR9IB" failures="0" tests="1" name="WebElement.AlertWindow" time="10.387" errors="0" timestamp="2024-01-14T23:25:13 IST" skipped="0">
  <testcase classname="WebElement.AlertWindow" name="alertWindow" time="10.387"/>
</testsuite> <!-- WebElement.AlertWindow -->
